<?xml version="1.0" encoding="UTF-8"?>
<!-- Generated by org.testng.reporters.JUnitXMLReporter -->
<testsuite ignored="6" hostname="EG-MMEGAWER" failures="0" tests="13" name="Regression Test" time="9.201" errors="0" timestamp="2023-03-13T21:11:31 EET">
  <testcase classname="tests.EgyptSubscriptionPackages" name="ValidateLitePackage_Egypt" time="0.05"/>
  <testcase classname="tests.EgyptSubscriptionPackages" name="ValidateClassicPackage_Egypt" time="0.041"/>
  <testcase classname="tests.EgyptSubscriptionPackages" name="ValidatePremiumPackage_Egypt" time="0.038"/>
  <testcase classname="tests.EgyptSubscriptionPackages" name="ValidateTheCurrency_Egypt" time="0.023"/>
  <testcase classname="tests.UAESubscriptionPackages" name="ValidateLitePackage_UAE" time="0.02"/>
  <testcase classname="tests.UAESubscriptionPackages" name="ValidateClassicPackage_UAE" time="0.018"/>
  <testcase classname="tests.UAESubscriptionPackages" name="ValidatePremiumPackage_UAE" time="0.019"/>
  <testcase classname="tests.UAESubscriptionPackages" name="ValidateTheCurrency_UAE" time="0.019"/>
  <testcase classname="tests.JordanSubscriptionPackages" name="ValidateLitePackage_Jordan" time="0.019"/>
  <testcase classname="tests.JordanSubscriptionPackages" name="ValidateClassicPackage_Jordan" time="0.021"/>
  <testcase classname="tests.JordanSubscriptionPackages" name="ValidatePremiumPackage_Jordan" time="0.015"/>
  <testcase classname="tests.JordanSubscriptionPackages" name="ValidateTheCurrency_Jordan" time="0.016"/>
  <testcase classname="io.cucumber.testng.AbstractTestNGCucumberTests" name="runScenario" time="2.382"/>
  <testcase classname="tests.TestBase" name="@AfterSuite stopdriver" time="0.0">
    <ignored/>
  </testcase> <!-- @AfterSuite stopdriver -->
  <testcase classname="tests.TestBase" name="@BeforeSuite startdriver" time="0.0">
    <ignored/>
  </testcase> <!-- @BeforeSuite startdriver -->
  <testcase classname="tests.TestBase" name="@BeforeSuite startdriver" time="0.0">
    <ignored/>
  </testcase> <!-- @BeforeSuite startdriver -->
  <testcase classname="tests.TestBase" name="@AfterSuite stopdriver" time="0.0">
    <ignored/>
  </testcase> <!-- @AfterSuite stopdriver -->
  <testcase classname="tests.TestBase" name="@BeforeSuite startdriver" time="0.0">
    <ignored/>
  </testcase> <!-- @BeforeSuite startdriver -->
  <testcase classname="tests.TestBase" name="@AfterSuite stopdriver" time="0.0">
    <ignored/>
  </testcase> <!-- @AfterSuite stopdriver -->
</testsuite> <!-- Regression Test -->
